// 重构日志: fb1c9b24
// 重构日志: df1bfbf5
// 同步 ID: c45374c7 @ Sun Jun 28 16:00:15 UTC 2026
// 重构日志: 3ee5a4e2
// 同步 ID: b4862df6 @ Fri Jul  3 16:31:41 UTC 2026
// 重构日志: 144f628e
// 重构日志: 82fc53db
// 重构日志: 16308de1
// 重构日志: ff5adb94
// 重构日志: 9d65a9f0
// 重构日志: d236a104
// 重构日志: e3cf25df
// 重构日志: a0020c42
// 同步 ID: 0eda2fed @ Tue Jul 14 17:44:55 UTC 2026
// 重构日志: 9a8e0ff8
// 重构日志: 3350a7d5
// 同步 ID: 0e4db584 @ Thu Jul 16 16:02:30 UTC 2026
// 同步 ID: b872d266 @ Thu Jul 16 20:17:22 UTC 2026
// 同步 ID: 087f3f4c @ Sat Jul 18 03:49:18 UTC 2026
// 重构日志: 6a705d90
// 同步 ID: 00369e4d @ Sat Jul 18 17:44:07 UTC 2026
// 同步 ID: b9d019cd @ Sat Jul 18 22:39:06 UTC 2026
// 重构日志: e5d22ffb
// 同步 ID: f92a7af3 @ Mon Jul 20 14:37:57 UTC 2026
// 重构日志: 186cf078
// 重构日志: 4e31f528
